{"C:\\Users\\komal\\Airtribe Assignments\\news-aggregator-api-komalpatil019\\src\\app.js":{"path":"C:\\Users\\komal\\Airtribe Assignments\\news-aggregator-api-komalpatil019\\src\\app.js","statementMap":{"0":{"start":{"line":1,"column":0},"end":{"line":1,"column":27}},"1":{"start":{"line":3,"column":16},"end":{"line":3,"column":34}},"2":{"start":{"line":4,"column":12},"end":{"line":4,"column":21}},"3":{"start":{"line":6,"column":0},"end":{"line":6,"column":24}},"4":{"start":{"line":8,"column":19},"end":{"line":8,"column":49}},"5":{"start":{"line":9,"column":19},"end":{"line":9,"column":49}},"6":{"start":{"line":11,"column":0},"end":{"line":11,"column":30}},"7":{"start":{"line":12,"column":0},"end":{"line":12,"column":29}},"8":{"start":{"line":14,"column":13},"end":{"line":14,"column":37}},"9":{"start":{"line":16,"column":0},"end":{"line":20,"column":1}},"10":{"start":{"line":17,"column":4},"end":{"line":19,"column":7}},"11":{"start":{"line":18,"column":8},"end":{"line":18,"column":54}},"12":{"start":{"line":22,"column":0},"end":{"line":22,"column":21}}},"fnMap":{"0":{"name":"(anonymous_0)","decl":{"start":{"line":17,"column":21},"end":{"line":17,"column":22}},"loc":{"start":{"line":17,"column":27},"end":{"line":19,"column":5}},"line":17}},"branchMap":{"0":{"loc":{"start":{"line":14,"column":13},"end":{"line":14,"column":37}},"type":"binary-expr","locations":[{"start":{"line":14,"column":13},"end":{"line":14,"column":29}},{"start":{"line":14,"column":33},"end":{"line":14,"column":37}}],"line":14},"1":{"loc":{"start":{"line":16,"column":0},"end":{"line":20,"column":1}},"type":"if","locations":[{"start":{"line":16,"column":0},"end":{"line":20,"column":1}},{"start":{"line":16,"column":0},"end":{"line":20,"column":1}}],"line":16}},"s":{"0":1,"1":1,"2":1,"3":1,"4":1,"5":1,"6":1,"7":1,"8":1,"9":1,"10":0,"11":0,"12":1},"f":{"0":0},"b":{"0":[1,0],"1":[0,1]},"_coverageSchema":"1a1c01bbd47fc00a2c39e90264f33305004495a9","hash":"8e2f388a826e630d706f036f95447d487b046264","contentHash":"cb4a8f58d6d1293fd46ecdf07063aaa61e84b6029f181771bdab4e14aa79621c"},"C:\\Users\\komal\\Airtribe Assignments\\news-aggregator-api-komalpatil019\\src\\routes\\userRoutes.js":{"path":"C:\\Users\\komal\\Airtribe Assignments\\news-aggregator-api-komalpatil019\\src\\routes\\userRoutes.js","statementMap":{"0":{"start":{"line":1,"column":16},"end":{"line":1,"column":34}},"1":{"start":{"line":2,"column":15},"end":{"line":2,"column":31}},"2":{"start":{"line":9,"column":4},"end":{"line":9,"column":44}},"3":{"start":{"line":11,"column":23},"end":{"line":11,"column":62}},"4":{"start":{"line":13,"column":0},"end":{"line":13,"column":31}},"5":{"start":{"line":14,"column":0},"end":{"line":14,"column":29}},"6":{"start":{"line":16,"column":0},"end":{"line":16,"column":59}},"7":{"start":{"line":17,"column":0},"end":{"line":17,"column":62}},"8":{"start":{"line":19,"column":0},"end":{"line":19,"column":24}}},"fnMap":{},"branchMap":{},"s":{"0":1,"1":1,"2":1,"3":1,"4":1,"5":1,"6":1,"7":1,"8":1},"f":{},"b":{},"_coverageSchema":"1a1c01bbd47fc00a2c39e90264f33305004495a9","hash":"af7241cc1efa5de028f43705b5c241c9bde2999b","contentHash":"e5167c7b65edb98989479a2f0368ef4af4da3324642250fa5c9448e9f45dfb1d"},"C:\\Users\\komal\\Airtribe Assignments\\news-aggregator-api-komalpatil019\\src\\controllers\\userController.js":{"path":"C:\\Users\\komal\\Airtribe Assignments\\news-aggregator-api-komalpatil019\\src\\controllers\\userController.js","statementMap":{"0":{"start":{"line":1,"column":15},"end":{"line":1,"column":32}},"1":{"start":{"line":2,"column":12},"end":{"line":2,"column":35}},"2":{"start":{"line":4,"column":14},"end":{"line":4,"column":38}},"3":{"start":{"line":6,"column":15},"end":{"line":48,"column":1}},"4":{"start":{"line":7,"column":4},"end":{"line":47,"column":5}},"5":{"start":{"line":9,"column":55},"end":{"line":9,"column":63}},"6":{"start":{"line":11,"column":8},"end":{"line":15,"column":9}},"7":{"start":{"line":12,"column":12},"end":{"line":14,"column":15}},"8":{"start":{"line":17,"column":29},"end":{"line":19,"column":9}},"9":{"start":{"line":18,"column":20},"end":{"line":18,"column":40}},"10":{"start":{"line":21,"column":8},"end":{"line":25,"column":9}},"11":{"start":{"line":22,"column":12},"end":{"line":24,"column":15}},"12":{"start":{"line":27,"column":31},"end":{"line":27,"column":62}},"13":{"start":{"line":29,"column":24},"end":{"line":35,"column":9}},"14":{"start":{"line":37,"column":8},"end":{"line":37,"column":28}},"15":{"start":{"line":39,"column":8},"end":{"line":41,"column":11}},"16":{"start":{"line":44,"column":8},"end":{"line":46,"column":11}},"17":{"start":{"line":50,"column":14},"end":{"line":96,"column":1}},"18":{"start":{"line":51,"column":4},"end":{"line":95,"column":5}},"19":{"start":{"line":53,"column":36},"end":{"line":53,"column":44}},"20":{"start":{"line":55,"column":21},"end":{"line":57,"column":9}},"21":{"start":{"line":56,"column":20},"end":{"line":56,"column":40}},"22":{"start":{"line":59,"column":8},"end":{"line":63,"column":9}},"23":{"start":{"line":60,"column":12},"end":{"line":62,"column":15}},"24":{"start":{"line":65,"column":24},"end":{"line":68,"column":9}},"25":{"start":{"line":70,"column":8},"end":{"line":74,"column":9}},"26":{"start":{"line":71,"column":12},"end":{"line":73,"column":15}},"27":{"start":{"line":76,"column":22},"end":{"line":85,"column":9}},"28":{"start":{"line":87,"column":8},"end":{"line":89,"column":11}},"29":{"start":{"line":92,"column":8},"end":{"line":94,"column":11}},"30":{"start":{"line":98,"column":23},"end":{"line":107,"column":1}},"31":{"start":{"line":100,"column":17},"end":{"line":102,"column":5}},"32":{"start":{"line":101,"column":16},"end":{"line":101,"column":39}},"33":{"start":{"line":104,"column":4},"end":{"line":106,"column":7}},"34":{"start":{"line":109,"column":26},"end":{"line":122,"column":1}},"35":{"start":{"line":111,"column":28},"end":{"line":111,"column":36}},"36":{"start":{"line":113,"column":17},"end":{"line":115,"column":5}},"37":{"start":{"line":114,"column":16},"end":{"line":114,"column":39}},"38":{"start":{"line":117,"column":4},"end":{"line":117,"column":35}},"39":{"start":{"line":119,"column":4},"end":{"line":121,"column":7}},"40":{"start":{"line":124,"column":0},"end":{"line":129,"column":2}}},"fnMap":{"0":{"name":"(anonymous_0)","decl":{"start":{"line":6,"column":15},"end":{"line":6,"column":16}},"loc":{"start":{"line":6,"column":35},"end":{"line":48,"column":1}},"line":6},"1":{"name":"(anonymous_1)","decl":{"start":{"line":18,"column":12},"end":{"line":18,"column":13}},"loc":{"start":{"line":18,"column":20},"end":{"line":18,"column":40}},"line":18},"2":{"name":"(anonymous_2)","decl":{"start":{"line":50,"column":14},"end":{"line":50,"column":15}},"loc":{"start":{"line":50,"column":34},"end":{"line":96,"column":1}},"line":50},"3":{"name":"(anonymous_3)","decl":{"start":{"line":56,"column":12},"end":{"line":56,"column":13}},"loc":{"start":{"line":56,"column":20},"end":{"line":56,"column":40}},"line":56},"4":{"name":"(anonymous_4)","decl":{"start":{"line":98,"column":23},"end":{"line":98,"column":24}},"loc":{"start":{"line":98,"column":37},"end":{"line":107,"column":1}},"line":98},"5":{"name":"(anonymous_5)","decl":{"start":{"line":101,"column":8},"end":{"line":101,"column":9}},"loc":{"start":{"line":101,"column":16},"end":{"line":101,"column":39}},"line":101},"6":{"name":"(anonymous_6)","decl":{"start":{"line":109,"column":26},"end":{"line":109,"column":27}},"loc":{"start":{"line":109,"column":40},"end":{"line":122,"column":1}},"line":109},"7":{"name":"(anonymous_7)","decl":{"start":{"line":114,"column":8},"end":{"line":114,"column":9}},"loc":{"start":{"line":114,"column":16},"end":{"line":114,"column":39}},"line":114}},"branchMap":{"0":{"loc":{"start":{"line":11,"column":8},"end":{"line":15,"column":9}},"type":"if","locations":[{"start":{"line":11,"column":8},"end":{"line":15,"column":9}},{"start":{"line":11,"column":8},"end":{"line":15,"column":9}}],"line":11},"1":{"loc":{"start":{"line":11,"column":12},"end":{"line":11,"column":40}},"type":"binary-expr","locations":[{"start":{"line":11,"column":12},"end":{"line":11,"column":17}},{"start":{"line":11,"column":21},"end":{"line":11,"column":27}},{"start":{"line":11,"column":31},"end":{"line":11,"column":40}}],"line":11},"2":{"loc":{"start":{"line":21,"column":8},"end":{"line":25,"column":9}},"type":"if","locations":[{"start":{"line":21,"column":8},"end":{"line":25,"column":9}},{"start":{"line":21,"column":8},"end":{"line":25,"column":9}}],"line":21},"3":{"loc":{"start":{"line":34,"column":25},"end":{"line":34,"column":42}},"type":"binary-expr","locations":[{"start":{"line":34,"column":25},"end":{"line":34,"column":36}},{"start":{"line":34,"column":40},"end":{"line":34,"column":42}}],"line":34},"4":{"loc":{"start":{"line":59,"column":8},"end":{"line":63,"column":9}},"type":"if","locations":[{"start":{"line":59,"column":8},"end":{"line":63,"column":9}},{"start":{"line":59,"column":8},"end":{"line":63,"column":9}}],"line":59},"5":{"loc":{"start":{"line":70,"column":8},"end":{"line":74,"column":9}},"type":"if","locations":[{"start":{"line":70,"column":8},"end":{"line":74,"column":9}},{"start":{"line":70,"column":8},"end":{"line":74,"column":9}}],"line":70}},"s":{"0":1,"1":1,"2":1,"3":1,"4":2,"5":2,"6":2,"7":1,"8":1,"9":0,"10":1,"11":0,"12":1,"13":1,"14":1,"15":1,"16":0,"17":1,"18":2,"19":2,"20":2,"21":2,"22":2,"23":0,"24":2,"25":2,"26":1,"27":1,"28":1,"29":0,"30":1,"31":2,"32":2,"33":2,"34":1,"35":1,"36":1,"37":1,"38":1,"39":1,"40":1},"f":{"0":2,"1":0,"2":2,"3":2,"4":2,"5":2,"6":1,"7":1},"b":{"0":[1,1],"1":[2,2,1],"2":[0,1],"3":[1,0],"4":[0,2],"5":[1,1]},"_coverageSchema":"1a1c01bbd47fc00a2c39e90264f33305004495a9","hash":"47f89e21ac91f06dde57eff15d4169a78eb59c8d","contentHash":"b01d4f5a13e7442bfc7f98a0d7c2ebdb34c53ff40147262f1156bff437f76719"},"C:\\Users\\komal\\Airtribe Assignments\\news-aggregator-api-komalpatil019\\src\\data\\users.js":{"path":"C:\\Users\\komal\\Airtribe Assignments\\news-aggregator-api-komalpatil019\\src\\data\\users.js","statementMap":{"0":{"start":{"line":1,"column":14},"end":{"line":1,"column":16}},"1":{"start":{"line":3,"column":0},"end":{"line":3,"column":23}}},"fnMap":{},"branchMap":{},"s":{"0":1,"1":1},"f":{},"b":{},"_coverageSchema":"1a1c01bbd47fc00a2c39e90264f33305004495a9","hash":"b9f2792c1ba6f3d1affbf6afcb168b2df23442f4","contentHash":"a10e9100bb5f15cde8fee123261b95edf9f67225b8cfc6bf2221d5c336e07bdf"},"C:\\Users\\komal\\Airtribe Assignments\\news-aggregator-api-komalpatil019\\src\\middleware\\authMiddleware.js":{"path":"C:\\Users\\komal\\Airtribe Assignments\\news-aggregator-api-komalpatil019\\src\\middleware\\authMiddleware.js","statementMap":{"0":{"start":{"line":1,"column":12},"end":{"line":1,"column":35}},"1":{"start":{"line":3,"column":23},"end":{"line":29,"column":1}},"2":{"start":{"line":4,"column":4},"end":{"line":28,"column":5}},"3":{"start":{"line":5,"column":27},"end":{"line":5,"column":52}},"4":{"start":{"line":7,"column":8},"end":{"line":11,"column":9}},"5":{"start":{"line":8,"column":12},"end":{"line":10,"column":15}},"6":{"start":{"line":13,"column":22},"end":{"line":13,"column":46}},"7":{"start":{"line":15,"column":24},"end":{"line":18,"column":9}},"8":{"start":{"line":20,"column":8},"end":{"line":20,"column":27}},"9":{"start":{"line":22,"column":8},"end":{"line":22,"column":15}},"10":{"start":{"line":25,"column":8},"end":{"line":27,"column":11}},"11":{"start":{"line":31,"column":0},"end":{"line":31,"column":32}}},"fnMap":{"0":{"name":"(anonymous_0)","decl":{"start":{"line":3,"column":23},"end":{"line":3,"column":24}},"loc":{"start":{"line":3,"column":43},"end":{"line":29,"column":1}},"line":3}},"branchMap":{"0":{"loc":{"start":{"line":7,"column":8},"end":{"line":11,"column":9}},"type":"if","locations":[{"start":{"line":7,"column":8},"end":{"line":11,"column":9}},{"start":{"line":7,"column":8},"end":{"line":11,"column":9}}],"line":7}},"s":{"0":1,"1":1,"2":6,"3":6,"4":6,"5":2,"6":4,"7":4,"8":4,"9":4,"10":0,"11":1},"f":{"0":6},"b":{"0":[2,4]},"_coverageSchema":"1a1c01bbd47fc00a2c39e90264f33305004495a9","hash":"6020eaed91116bde5397a09921275c4b56e1308a","contentHash":"64c7a3ceb868c302af77d9ff50c55349f1132cbdba5006c9dd252b7dfbbb1ba1"},"C:\\Users\\komal\\Airtribe Assignments\\news-aggregator-api-komalpatil019\\src\\routes\\newsRoutes.js":{"path":"C:\\Users\\komal\\Airtribe Assignments\\news-aggregator-api-komalpatil019\\src\\routes\\newsRoutes.js","statementMap":{"0":{"start":{"line":1,"column":16},"end":{"line":1,"column":34}},"1":{"start":{"line":2,"column":15},"end":{"line":2,"column":31}},"2":{"start":{"line":4,"column":23},"end":{"line":4,"column":62}},"3":{"start":{"line":5,"column":20},"end":{"line":5,"column":60}},"4":{"start":{"line":7,"column":0},"end":{"line":7,"column":41}},"5":{"start":{"line":9,"column":0},"end":{"line":9,"column":24}}},"fnMap":{},"branchMap":{},"s":{"0":1,"1":1,"2":1,"3":1,"4":1,"5":1},"f":{},"b":{},"_coverageSchema":"1a1c01bbd47fc00a2c39e90264f33305004495a9","hash":"093ce6541d6d505c7790e7ed70eba3dd0b2d1e60","contentHash":"e6570f8b363dbb7190df73c4b126c83b0d47f4423cd0977354b97b6a56e98c7b"},"C:\\Users\\komal\\Airtribe Assignments\\news-aggregator-api-komalpatil019\\src\\controllers\\newsController.js":{"path":"C:\\Users\\komal\\Airtribe Assignments\\news-aggregator-api-komalpatil019\\src\\controllers\\newsController.js","statementMap":{"0":{"start":{"line":1,"column":14},"end":{"line":1,"column":38}},"1":{"start":{"line":2,"column":22},"end":{"line":2,"column":53}},"2":{"start":{"line":4,"column":16},"end":{"line":23,"column":1}},"3":{"start":{"line":6,"column":4},"end":{"line":22,"column":5}},"4":{"start":{"line":8,"column":21},"end":{"line":10,"column":9}},"5":{"start":{"line":9,"column":20},"end":{"line":9,"column":43}},"6":{"start":{"line":12,"column":21},"end":{"line":12,"column":54}},"7":{"start":{"line":14,"column":8},"end":{"line":16,"column":11}},"8":{"start":{"line":19,"column":8},"end":{"line":21,"column":11}},"9":{"start":{"line":25,"column":0},"end":{"line":27,"column":2}}},"fnMap":{"0":{"name":"(anonymous_0)","decl":{"start":{"line":4,"column":16},"end":{"line":4,"column":17}},"loc":{"start":{"line":4,"column":36},"end":{"line":23,"column":1}},"line":4},"1":{"name":"(anonymous_1)","decl":{"start":{"line":9,"column":12},"end":{"line":9,"column":13}},"loc":{"start":{"line":9,"column":20},"end":{"line":9,"column":43}},"line":9}},"branchMap":{},"s":{"0":1,"1":1,"2":1,"3":1,"4":1,"5":1,"6":1,"7":1,"8":0,"9":1},"f":{"0":1,"1":1},"b":{},"_coverageSchema":"1a1c01bbd47fc00a2c39e90264f33305004495a9","hash":"de3ce6d2b92dcd2924a019427e65c201384f93bf","contentHash":"e53a0ae50c1f0f8297fb379f802441ab9a4b9d0c314fe91499508408ea1a6693"},"C:\\Users\\komal\\Airtribe Assignments\\news-aggregator-api-komalpatil019\\src\\utils\\newsService.js":{"path":"C:\\Users\\komal\\Airtribe Assignments\\news-aggregator-api-komalpatil019\\src\\utils\\newsService.js","statementMap":{"0":{"start":{"line":1,"column":14},"end":{"line":1,"column":30}},"1":{"start":{"line":3,"column":18},"end":{"line":25,"column":1}},"2":{"start":{"line":5,"column":4},"end":{"line":24,"column":5}},"3":{"start":{"line":7,"column":8},"end":{"line":20,"column":10}},"4":{"start":{"line":23,"column":8},"end":{"line":23,"column":18}},"5":{"start":{"line":27,"column":0},"end":{"line":29,"column":2}}},"fnMap":{"0":{"name":"(anonymous_0)","decl":{"start":{"line":3,"column":18},"end":{"line":3,"column":19}},"loc":{"start":{"line":3,"column":46},"end":{"line":25,"column":1}},"line":3}},"branchMap":{"0":{"loc":{"start":{"line":3,"column":25},"end":{"line":3,"column":41}},"type":"default-arg","locations":[{"start":{"line":3,"column":39},"end":{"line":3,"column":41}}],"line":3}},"s":{"0":1,"1":1,"2":1,"3":1,"4":0,"5":1},"f":{"0":1},"b":{"0":[0]},"_coverageSchema":"1a1c01bbd47fc00a2c39e90264f33305004495a9","hash":"c51c291de04e00ff3afe4cb013f274a16d6138d0","contentHash":"b9555861ad97dfa9c8ed80af9f74f96fc0ba84419614c708a5407a217b0c1a25"}}